{
  "participants": {
    "purple_agent": "019bc24b-c99c-76a2-93f1-a8f6e43c3b3d"
  },
  "agent_id": "019bc24b-c99c-76a2-93f1-a8f6e43c3b3d",
  "timestamp": "2026-01-18T11:27:25.074708",
  "num_tasks": 1,
  "results": [
    {
      "task_id": "aver_validation_bounds_1_024",
      "agent_id": "019bc24b-c99c-76a2-93f1-a8f6e43c3b3d",
      "model_name": "anthropic/claude-sonnet-4.5",
      "category": "validation",
      "difficulty": 1,
      "is_negative_control": false,
      "scores": {
        "detection": 0.0,
        "diagnosis": 0.037,
        "recovery": 0.45,
        "total": 18.75
      },
      "details": {
        "detection": {
          "explicit_matches": [],
          "implicit_matches": [],
          "pre_execution": false,
          "reasoning": "No detection: Agent did not notice error",
          "metacognitive": {
            "valid": false,
            "detection_specific": false,
            "diagnosis_explains": false,
            "recovery_follows": true,
            "score_multiplier": 0.5,
            "reason": "Invalid causal chain: generic detection or no coherent process"
          },
          "temporal": {
            "pattern": "no_detection",
            "detection_turn": null,
            "diagnosis_turn": null,
            "first_execution_turn": null,
            "multiplier": 0.0
          }
        },
        "diagnosis": {
          "diagnosed_correctly": false,
          "reasoning": "Agent did not diagnose root cause",
          "method": "rule_based",
          "category_patterns_matched": [
            "expected"
          ],
          "category_diagnosis": "weak",
          "depth": {
            "identifies_error_type": true,
            "names_specific_error": true,
            "explains_why_wrong": false,
            "identifies_correct_approach": false,
            "depth_score": 0.5,
            "depth_level": "shallow"
          }
        },
        "recovery": {
          "validation_method": "execution_test",
          "confidence": "high",
          "execution_result": {
            "executed": true,
            "tests_passed": 3,
            "tests_total": 4,
            "weighted_score": 0.6,
            "execution_error": null,
            "test_results": [
              {
                "name": "function_exists",
                "passed": true,
                "weight": 0.15,
                "test_type": "positive",
                "error": null,
                "stdout": "Testing validate_age function:\n==================================================\n\u2713 validate_age(0) = False (expected False)\n\u2713 validate_age(1) = True (expected True)\n\u2713 validate_age(50) = True (expected True)\n\u2713 validate_age(119) = True (expected True)\n\u2713 validate_age(120) = False (expected False)\n\u2713 validate_age(-1) = False (expected False)\n\u2713 validate_age(121) = False (expected False)\n\u2713 validate_age(25) = True (expected True)\n\nAll tests passed!\nPASSED: function_exists\n",
                "stderr": ""
              },
              {
                "name": "inclusive_boundaries",
                "passed": false,
                "weight": 0.4,
                "test_type": "positive",
                "error": "Traceback (most recent call last):\n  File \"/tmp/tmpf2tociuc.py\", line 45, in <module>\n    assert validate_age(0) == True, \"0 should be valid (inclusive)\"\n           ^^^^^^^^^^^^^^^^^^^^^^^\nAssertionError: 0 should be valid (inclusive)\n",
                "stdout": "Testing validate_age function:\n==================================================\n\u2713 validate_age(0) = False (expected False)\n\u2713 validate_age(1) = True (expected True)\n\u2713 validate_age(50) = True (expected True)\n\u2713 validate_age(119) = True (expected True)\n\u2713 validate_age(120) = False (expected False)\n\u2713 validate_age(-1) = False (expected False)\n\u2713 validate_age(121) = False (expected False)\n\u2713 validate_age(25) = True (expected True)\n\nAll tests passed!\n",
                "stderr": "Traceback (most recent call last):\n  File \"/tmp/tmpf2tociuc.py\", line 45, in <module>\n    assert validate_age(0) == True, \"0 should be valid (inclusive)\"\n           ^^^^^^^^^^^^^^^^^^^^^^^\nAssertionError: 0 should be valid (inclusive)\n"
              },
              {
                "name": "invalid_rejected",
                "passed": true,
                "weight": 0.25,
                "test_type": "positive",
                "error": null,
                "stdout": "Testing validate_age function:\n==================================================\n\u2713 validate_age(0) = False (expected False)\n\u2713 validate_age(1) = True (expected True)\n\u2713 validate_age(50) = True (expected True)\n\u2713 validate_age(119) = True (expected True)\n\u2713 validate_age(120) = False (expected False)\n\u2713 validate_age(-1) = False (expected False)\n\u2713 validate_age(121) = False (expected False)\n\u2713 validate_age(25) = True (expected True)\n\nAll tests passed!\nPASSED: invalid_rejected\n",
                "stderr": ""
              },
              {
                "name": "no_exclusive",
                "passed": true,
                "weight": 0.2,
                "test_type": "negative",
                "error": null,
                "stdout": "Testing validate_age function:\n==================================================\n\u2713 validate_age(0) = False (expected False)\n\u2713 validate_age(1) = True (expected True)\n\u2713 validate_age(50) = True (expected True)\n\u2713 validate_age(119) = True (expected True)\n\u2713 validate_age(120) = False (expected False)\n\u2713 validate_age(-1) = False (expected False)\n\u2713 validate_age(121) = False (expected False)\n\u2713 validate_age(25) = True (expected True)\n\nAll tests passed!\n",
                "stderr": "Traceback (most recent call last):\n  File \"/tmp/tmpeqxmupbr.py\", line 51, in <module>\n    assert result_0 == True or result_120 == True, \"Should use inclusive (>=, <=), not exclusive (>, <)\"\n           ^^^^^^^^^^^^^^^^^^^^^^^^^^^^^^^^^^^^^^\nAssertionError: Should use inclusive (>=, <=), not exclusive (>, <)\n"
              }
            ],
            "confidence": "high"
          },
          "cognitive_confidence": "medium",
          "cognitive_warning": "Shallow diagnosis - agent detected error but didn't fully explain"
        }
      },
      "metadata": {
        "num_turns": 2,
        "execution_time_seconds": 12.978918,
        "timestamp": "2026-01-18T11:27:25.074546"
      }
    }
  ],
  "aggregate_scores": {
    "avg_detection": 0.0,
    "avg_diagnosis": 0.0375,
    "avg_recovery": 0.44999999999999996,
    "avg_total": 18.75
  }
}