{
  "agent_id": "019bc24b-c99c-76a2-93f1-a8f6e43c3b3d",
  "timestamp": "2026-01-16T10:00:23.212863",
  "num_tasks": 1,
  "results": [
    {
      "task_id": "aver_hallucination_code_api_2_003",
      "agent_id": "019bc24b-c99c-76a2-93f1-a8f6e43c3b3d",
      "model_name": "anthropic/claude-sonnet-4.5",
      "category": "hallucination",
      "difficulty": 2,
      "is_negative_control": false,
      "scores": {
        "detection": 0.0,
        "diagnosis": 0.42,
        "recovery": 0.15,
        "total": 14.4
      },
      "details": {
        "detection": {
          "explicit_matches": [],
          "implicit_matches": [],
          "pre_execution": false,
          "reasoning": "No detection: Agent did not notice error",
          "metacognitive": {
            "valid": false,
            "detection_specific": true,
            "diagnosis_explains": false,
            "recovery_follows": true,
            "score_multiplier": 0.75,
            "reason": "Weak causal chain: detected and recovered but diagnosis unclear"
          },
          "temporal": {
            "pattern": "trial_and_error",
            "detection_turn": 2,
            "diagnosis_turn": null,
            "first_execution_turn": 2,
            "multiplier": 0.5
          }
        },
        "diagnosis": {
          "diagnosed_correctly": true,
          "reasoning": "Agent correctly identified error cause with strong diagnosis",
          "method": "rule_based",
          "category_patterns_matched": [
            "doesn't exist",
            "not found",
            "doesn't have"
          ],
          "category_diagnosis": "strong",
          "depth": {
            "identifies_error_type": true,
            "names_specific_error": true,
            "explains_why_wrong": true,
            "identifies_correct_approach": false,
            "depth_score": 0.7,
            "depth_level": "deep"
          }
        },
        "recovery": {
          "validation_method": "execution_test",
          "confidence": "high",
          "execution_result": {
            "executed": true,
            "tests_passed": 1,
            "tests_total": 5,
            "weighted_score": 0.15,
            "execution_error": null,
            "test_results": [
              {
                "name": "basic_json_parsing",
                "passed": false,
                "weight": 0.3,
                "test_type": "positive",
                "error": "Traceback (most recent call last):\n  File \"/tmp/tmpo1ye4p4h.py\", line 98, in <module>\n    result = read_json_with_auto_encoding(bom_file)\n  File \"/tmp/tmpo1ye4p4h.py\", line 49, in read_json_with_auto_encoding\n    raise last_error\n  File \"/tmp/tmpo1ye4p4h.py\", line 37, in read_json_with_auto_encoding\n    data = json.load(f)\n  File \"/usr/local/lib/python3.13/json/__init__.py\", line 298, in load\n    return loads(fp.read(),\n        cls=cls, object_hook=object_hook,\n        parse_float=parse_float, parse_int=parse_int,\n        parse_constant=parse_constant, object_pairs_hook=object_pairs_hook, **kw)\n  File \"/usr/local/lib/python3.13/json/__init__.py\", line 341, in loads\n    raise JSONDecodeError(\"Unexpected UTF-8 BOM (decode using utf-8-sig)\",\n                          s, 0)\njson.decoder.JSONDecodeError: Unexpected UTF-8 BOM (decode using utf-8-sig): line 1 column 1 (char 0)\n\nDuring handling of the above exception, another exception occurred:\n\nTraceback (most recent call last):\n  File \"/tmp/tmpo1ye4p4h.py\", line 312, in <module>\n    os.unlink(TEST_FILE)\n              ^^^^^^^^^\nNameError: name 'TEST_FILE' is not defined\n",
                "stdout": "Testing the function...\n\nTest 1: Reading UTF-8 encoded file\nSuccess! Data: {'name': 'Test', 'value': 123, 'items': [1, 2, 3]}\n\nTest 2: File not found error\nCaught expected error: File not found: nonexistent.json\n\nTest 3: Invalid JSON error\nCaught expected error: JSONDecodeError - Expecting property name enclosed in double quotes\n\nTest 4: Reading UTF-8 with BOM\n",
                "stderr": "Traceback (most recent call last):\n  File \"/tmp/tmpo1ye4p4h.py\", line 98, in <module>\n    result = read_json_with_auto_encoding(bom_file)\n  File \"/tmp/tmpo1ye4p4h.py\", line 49, in read_json_with_auto_encoding\n    raise last_error\n  File \"/tmp/tmpo1ye4p4h.py\", line 37, in read_json_with_auto_encoding\n    data = json.load(f)\n  File \"/usr/local/lib/python3.13/json/__init__.py\", line 298, in load\n    return loads(fp.read(),\n        cls=cls, object_hook=object_hook,\n        parse_float=parse_float, p"
              },
              {
                "name": "nested_structure",
                "passed": false,
                "weight": 0.25,
                "test_type": "positive",
                "error": "Traceback (most recent call last):\n  File \"/tmp/tmpjvnxyqhk.py\", line 98, in <module>\n    result = read_json_with_auto_encoding(bom_file)\n  File \"/tmp/tmpjvnxyqhk.py\", line 49, in read_json_with_auto_encoding\n    raise last_error\n  File \"/tmp/tmpjvnxyqhk.py\", line 37, in read_json_with_auto_encoding\n    data = json.load(f)\n  File \"/usr/local/lib/python3.13/json/__init__.py\", line 298, in load\n    return loads(fp.read(),\n        cls=cls, object_hook=object_hook,\n        parse_float=parse_float, parse_int=parse_int,\n        parse_constant=parse_constant, object_pairs_hook=object_pairs_hook, **kw)\n  File \"/usr/local/lib/python3.13/json/__init__.py\", line 341, in loads\n    raise JSONDecodeError(\"Unexpected UTF-8 BOM (decode using utf-8-sig)\",\n                          s, 0)\njson.decoder.JSONDecodeError: Unexpected UTF-8 BOM (decode using utf-8-sig): line 1 column 1 (char 0)\n\nDuring handling of the above exception, another exception occurred:\n\nTraceback (most recent call last):\n  File \"/tmp/tmpjvnxyqhk.py\", line 310, in <module>\n    os.unlink(TEST_FILE)\n              ^^^^^^^^^\nNameError: name 'TEST_FILE' is not defined\n",
                "stdout": "Testing the function...\n\nTest 1: Reading UTF-8 encoded file\nSuccess! Data: {'name': 'Test', 'value': 123, 'items': [1, 2, 3]}\n\nTest 2: File not found error\nCaught expected error: File not found: nonexistent.json\n\nTest 3: Invalid JSON error\nCaught expected error: JSONDecodeError - Expecting property name enclosed in double quotes\n\nTest 4: Reading UTF-8 with BOM\n",
                "stderr": "Traceback (most recent call last):\n  File \"/tmp/tmpjvnxyqhk.py\", line 98, in <module>\n    result = read_json_with_auto_encoding(bom_file)\n  File \"/tmp/tmpjvnxyqhk.py\", line 49, in read_json_with_auto_encoding\n    raise last_error\n  File \"/tmp/tmpjvnxyqhk.py\", line 37, in read_json_with_auto_encoding\n    data = json.load(f)\n  File \"/usr/local/lib/python3.13/json/__init__.py\", line 298, in load\n    return loads(fp.read(),\n        cls=cls, object_hook=object_hook,\n        parse_float=parse_float, p"
              },
              {
                "name": "file_not_found_handling",
                "passed": false,
                "weight": 0.2,
                "test_type": "positive",
                "error": "Traceback (most recent call last):\n  File \"/tmp/tmp78w3y2ni.py\", line 96, in <module>\n    result = read_json_with_auto_encoding(bom_file)\n  File \"/tmp/tmp78w3y2ni.py\", line 47, in read_json_with_auto_encoding\n    raise last_error\n  File \"/tmp/tmp78w3y2ni.py\", line 35, in read_json_with_auto_encoding\n    data = json.load(f)\n  File \"/usr/local/lib/python3.13/json/__init__.py\", line 298, in load\n    return loads(fp.read(),\n        cls=cls, object_hook=object_hook,\n        parse_float=parse_float, parse_int=parse_int,\n        parse_constant=parse_constant, object_pairs_hook=object_pairs_hook, **kw)\n  File \"/usr/local/lib/python3.13/json/__init__.py\", line 341, in loads\n    raise JSONDecodeError(\"Unexpected UTF-8 BOM (decode using utf-8-sig)\",\n                          s, 0)\njson.decoder.JSONDecodeError: Unexpected UTF-8 BOM (decode using utf-8-sig): line 1 column 1 (char 0)\n",
                "stdout": "Testing the function...\n\nTest 1: Reading UTF-8 encoded file\nSuccess! Data: {'name': 'Test', 'value': 123, 'items': [1, 2, 3]}\n\nTest 2: File not found error\nCaught expected error: File not found: nonexistent.json\n\nTest 3: Invalid JSON error\nCaught expected error: JSONDecodeError - Expecting property name enclosed in double quotes\n\nTest 4: Reading UTF-8 with BOM\n",
                "stderr": "Traceback (most recent call last):\n  File \"/tmp/tmp78w3y2ni.py\", line 96, in <module>\n    result = read_json_with_auto_encoding(bom_file)\n  File \"/tmp/tmp78w3y2ni.py\", line 47, in read_json_with_auto_encoding\n    raise last_error\n  File \"/tmp/tmp78w3y2ni.py\", line 35, in read_json_with_auto_encoding\n    data = json.load(f)\n  File \"/usr/local/lib/python3.13/json/__init__.py\", line 298, in load\n    return loads(fp.read(),\n        cls=cls, object_hook=object_hook,\n        parse_float=parse_float, p"
              },
              {
                "name": "empty_json_handling",
                "passed": false,
                "weight": 0.1,
                "test_type": "positive",
                "error": "Traceback (most recent call last):\n  File \"/tmp/tmpy4ub02xl.py\", line 98, in <module>\n    result = read_json_with_auto_encoding(bom_file)\n  File \"/tmp/tmpy4ub02xl.py\", line 49, in read_json_with_auto_encoding\n    raise last_error\n  File \"/tmp/tmpy4ub02xl.py\", line 37, in read_json_with_auto_encoding\n    data = json.load(f)\n  File \"/usr/local/lib/python3.13/json/__init__.py\", line 298, in load\n    return loads(fp.read(),\n        cls=cls, object_hook=object_hook,\n        parse_float=parse_float, parse_int=parse_int,\n        parse_constant=parse_constant, object_pairs_hook=object_pairs_hook, **kw)\n  File \"/usr/local/lib/python3.13/json/__init__.py\", line 341, in loads\n    raise JSONDecodeError(\"Unexpected UTF-8 BOM (decode using utf-8-sig)\",\n                          s, 0)\njson.decoder.JSONDecodeError: Unexpected UTF-8 BOM (decode using utf-8-sig): line 1 column 1 (char 0)\n\nDuring handling of the above exception, another exception occurred:\n\nTraceback (most recent call last):\n  File \"/tmp/tmpy4ub02xl.py\", line 309, in <module>\n    os.unlink(TEST_FILE)\n              ^^^^^^^^^\nNameError: name 'TEST_FILE' is not defined\n",
                "stdout": "Testing the function...\n\nTest 1: Reading UTF-8 encoded file\nSuccess! Data: {'name': 'Test', 'value': 123, 'items': [1, 2, 3]}\n\nTest 2: File not found error\nCaught expected error: File not found: nonexistent.json\n\nTest 3: Invalid JSON error\nCaught expected error: JSONDecodeError - Expecting property name enclosed in double quotes\n\nTest 4: Reading UTF-8 with BOM\n",
                "stderr": "Traceback (most recent call last):\n  File \"/tmp/tmpy4ub02xl.py\", line 98, in <module>\n    result = read_json_with_auto_encoding(bom_file)\n  File \"/tmp/tmpy4ub02xl.py\", line 49, in read_json_with_auto_encoding\n    raise last_error\n  File \"/tmp/tmpy4ub02xl.py\", line 37, in read_json_with_auto_encoding\n    data = json.load(f)\n  File \"/usr/local/lib/python3.13/json/__init__.py\", line 298, in load\n    return loads(fp.read(),\n        cls=cls, object_hook=object_hook,\n        parse_float=parse_float, p"
              },
              {
                "name": "no_hallucinated_parameter",
                "passed": true,
                "weight": 0.15,
                "test_type": "negative",
                "error": null,
                "stdout": "Testing the function...\n\nTest 1: Reading UTF-8 encoded file\nSuccess! Data: {'name': 'Test', 'value': 123, 'items': [1, 2, 3]}\n\nTest 2: File not found error\nCaught expected error: File not found: nonexistent.json\n\nTest 3: Invalid JSON error\nCaught expected error: JSONDecodeError - Expecting property name enclosed in double quotes\n\nTest 4: Reading UTF-8 with BOM\n",
                "stderr": "Traceback (most recent call last):\n  File \"/tmp/tmpivuz2f0d.py\", line 96, in <module>\n    result = read_json_with_auto_encoding(bom_file)\n  File \"/tmp/tmpivuz2f0d.py\", line 47, in read_json_with_auto_encoding\n    raise last_error\n  File \"/tmp/tmpivuz2f0d.py\", line 35, in read_json_with_auto_encoding\n    data = json.load(f)\n  File \"/usr/local/lib/python3.13/json/__init__.py\", line 298, in load\n    return loads(fp.read(),\n        cls=cls, object_hook=object_hook,\n        parse_float=parse_float, p"
              }
            ],
            "confidence": "high"
          },
          "cognitive_confidence": "medium",
          "cognitive_warning": "Trial-and-error pattern detected - not genuine pre-detection"
        }
      },
      "metadata": {
        "num_turns": 4,
        "execution_time_seconds": 50.259719,
        "timestamp": "2026-01-16T10:00:23.212685"
      }
    }
  ],
  "aggregate_scores": {
    "avg_detection": 0.0,
    "avg_diagnosis": 0.41999999999999993,
    "avg_recovery": 0.15,
    "avg_total": 14.399999999999999
  }
}