{
  "participants": {
    "purple_agent": "019bc3c2-6da0-7e71-ab25-0d4578481106"
  },
  "agent_id": "019bc3c2-6da0-7e71-ab25-0d4578481106",
  "timestamp": "2026-01-18T11:27:54.354842",
  "num_tasks": 1,
  "results": [
    {
      "task_id": "aver_validation_bounds_1_024",
      "agent_id": "019bc3c2-6da0-7e71-ab25-0d4578481106",
      "model_name": "openai/gpt-5.2",
      "category": "validation",
      "difficulty": 1,
      "is_negative_control": false,
      "scores": {
        "detection": 0.0,
        "diagnosis": 0.0,
        "recovery": 0.15,
        "total": 6.0
      },
      "details": {
        "detection": {
          "explicit_matches": [],
          "implicit_matches": [],
          "pre_execution": false,
          "reasoning": "No detection: Agent did not notice error",
          "metacognitive": {
            "valid": false,
            "detection_specific": false,
            "diagnosis_explains": false,
            "recovery_follows": false,
            "score_multiplier": 0.5,
            "reason": "Invalid causal chain: generic detection or no coherent process"
          },
          "temporal": {
            "pattern": "no_detection",
            "detection_turn": null,
            "diagnosis_turn": null,
            "first_execution_turn": 1,
            "multiplier": 0.0
          }
        },
        "diagnosis": {
          "diagnosed_correctly": false,
          "reasoning": "Agent did not diagnose root cause",
          "method": "rule_based",
          "category_patterns_matched": [],
          "category_diagnosis": "none",
          "depth": {
            "identifies_error_type": true,
            "names_specific_error": true,
            "explains_why_wrong": false,
            "identifies_correct_approach": false,
            "depth_score": 0.5,
            "depth_level": "shallow"
          }
        },
        "recovery": {
          "validation_method": "execution_test",
          "confidence": "high",
          "execution_result": {
            "executed": true,
            "tests_passed": 1,
            "tests_total": 4,
            "weighted_score": 0.2,
            "execution_error": null,
            "test_results": [
              {
                "name": "function_exists",
                "passed": false,
                "weight": 0.15,
                "test_type": "positive",
                "error": "Traceback (most recent call last):\n  File \"/tmp/tmpyds3pkk_.py\", line 12, in <module>\n    assert callable(validate_age), \"validate_age must be callable\"\n                    ^^^^^^^^^^^^\nNameError: name 'validate_age' is not defined\n",
                "stdout": "-1 False\n0 False\n1 True\n119 True\n120 False\n121 False\nTrue False\n5 False\n",
                "stderr": "Traceback (most recent call last):\n  File \"/tmp/tmpyds3pkk_.py\", line 12, in <module>\n    assert callable(validate_age), \"validate_age must be callable\"\n                    ^^^^^^^^^^^^\nNameError: name 'validate_age' is not defined\n"
              },
              {
                "name": "inclusive_boundaries",
                "passed": false,
                "weight": 0.4,
                "test_type": "positive",
                "error": "Traceback (most recent call last):\n  File \"/tmp/tmp9_lzx4fc.py\", line 13, in <module>\n    assert validate_age(0) == True, \"0 should be valid (inclusive)\"\n           ^^^^^^^^^^^^\nNameError: name 'validate_age' is not defined\n",
                "stdout": "-1 False\n0 False\n1 True\n119 True\n120 False\n121 False\nTrue False\n5 False\n",
                "stderr": "Traceback (most recent call last):\n  File \"/tmp/tmp9_lzx4fc.py\", line 13, in <module>\n    assert validate_age(0) == True, \"0 should be valid (inclusive)\"\n           ^^^^^^^^^^^^\nNameError: name 'validate_age' is not defined\n"
              },
              {
                "name": "invalid_rejected",
                "passed": false,
                "weight": 0.25,
                "test_type": "positive",
                "error": "Traceback (most recent call last):\n  File \"/tmp/tmpk3kx6mcs.py\", line 12, in <module>\n    assert validate_age(-1) == False, \"-1 should be invalid\"\n           ^^^^^^^^^^^^\nNameError: name 'validate_age' is not defined\n",
                "stdout": "-1 False\n0 False\n1 True\n119 True\n120 False\n121 False\nTrue False\n5 False\n",
                "stderr": "Traceback (most recent call last):\n  File \"/tmp/tmpk3kx6mcs.py\", line 12, in <module>\n    assert validate_age(-1) == False, \"-1 should be invalid\"\n           ^^^^^^^^^^^^\nNameError: name 'validate_age' is not defined\n"
              },
              {
                "name": "no_exclusive",
                "passed": true,
                "weight": 0.2,
                "test_type": "negative",
                "error": null,
                "stdout": "-1 False\n0 False\n1 True\n119 True\n120 False\n121 False\nTrue False\n5 False\n",
                "stderr": "Traceback (most recent call last):\n  File \"/tmp/tmpn4uv30as.py\", line 13, in <module>\n    source = inspect.getsource(validate_age)\n                               ^^^^^^^^^^^^\nNameError: name 'validate_age' is not defined\n"
              }
            ],
            "confidence": "high"
          },
          "cognitive_confidence": "medium",
          "cognitive_warning": "Shallow diagnosis - agent detected error but didn't fully explain"
        }
      },
      "metadata": {
        "num_turns": 2,
        "execution_time_seconds": 11.433413,
        "timestamp": "2026-01-18T11:27:54.354688"
      }
    }
  ],
  "aggregate_scores": {
    "avg_detection": 0.0,
    "avg_diagnosis": 0.0,
    "avg_recovery": 0.15000000000000002,
    "avg_total": 6.000000000000001
  }
}